<?xml version="1.0" encoding="UTF-8"?>
<testsuite name="com.efrei.JPATP1.Jpatp1ApplicationTests" tests="1" skipped="0" failures="0" errors="0" timestamp="2019-12-06T16:14:37" hostname="DESKTOP-EJBGFL6" time="0.174">
  <properties/>
  <testcase name="contextLoads" classname="com.efrei.JPATP1.Jpatp1ApplicationTests" time="0.174"/>
  <system-out><![CDATA[17:14:30.802 [Test worker] DEBUG org.springframework.test.context.junit4.SpringJUnit4ClassRunner - SpringJUnit4ClassRunner constructor called with [class com.efrei.JPATP1.Jpatp1ApplicationTests]
17:14:30.812 [Test worker] DEBUG org.springframework.test.context.BootstrapUtils - Instantiating CacheAwareContextLoaderDelegate from class [org.springframework.test.context.cache.DefaultCacheAwareContextLoaderDelegate]
17:14:30.823 [Test worker] DEBUG org.springframework.test.context.BootstrapUtils - Instantiating BootstrapContext using constructor [public org.springframework.test.context.support.DefaultBootstrapContext(java.lang.Class,org.springframework.test.context.CacheAwareContextLoaderDelegate)]
17:14:30.840 [Test worker] DEBUG org.springframework.test.context.BootstrapUtils - Instantiating TestContextBootstrapper for test class [com.efrei.JPATP1.Jpatp1ApplicationTests] from class [org.springframework.boot.test.context.SpringBootTestContextBootstrapper]
17:14:30.857 [Test worker] INFO org.springframework.boot.test.context.SpringBootTestContextBootstrapper - Neither @ContextConfiguration nor @ContextHierarchy found for test class [com.efrei.JPATP1.Jpatp1ApplicationTests], using SpringBootContextLoader
17:14:30.860 [Test worker] DEBUG org.springframework.test.context.support.AbstractContextLoader - Did not detect default resource location for test class [com.efrei.JPATP1.Jpatp1ApplicationTests]: class path resource [com/efrei/JPATP1/Jpatp1ApplicationTests-context.xml] does not exist
17:14:30.863 [Test worker] DEBUG org.springframework.test.context.support.AbstractContextLoader - Did not detect default resource location for test class [com.efrei.JPATP1.Jpatp1ApplicationTests]: class path resource [com/efrei/JPATP1/Jpatp1ApplicationTestsContext.groovy] does not exist
17:14:30.863 [Test worker] INFO org.springframework.test.context.support.AbstractContextLoader - Could not detect default resource locations for test class [com.efrei.JPATP1.Jpatp1ApplicationTests]: no resource found for suffixes {-context.xml, Context.groovy}.
17:14:30.864 [Test worker] INFO org.springframework.test.context.support.AnnotationConfigContextLoaderUtils - Could not detect default configuration classes for test class [com.efrei.JPATP1.Jpatp1ApplicationTests]: Jpatp1ApplicationTests does not declare any static, non-private, non-final, nested classes annotated with @Configuration.
17:14:30.952 [Test worker] DEBUG org.springframework.test.context.support.ActiveProfilesUtils - Could not find an 'annotation declaring class' for annotation type [org.springframework.test.context.ActiveProfiles] and class [com.efrei.JPATP1.Jpatp1ApplicationTests]
17:14:31.079 [Test worker] DEBUG org.springframework.context.annotation.ClassPathScanningCandidateComponentProvider - Identified candidate component class: file [C:\Users\Benjamin Saffar\Desktop\ISTCC_SAFFAR\JPATP1Saffar\build\classes\java\main\com\efrei\JPATP1\Jpatp1Application.class]
17:14:31.091 [Test worker] INFO org.springframework.boot.test.context.SpringBootTestContextBootstrapper - Found @SpringBootConfiguration com.efrei.JPATP1.Jpatp1Application for test class com.efrei.JPATP1.Jpatp1ApplicationTests
17:14:31.197 [Test worker] DEBUG org.springframework.boot.test.context.SpringBootTestContextBootstrapper - @TestExecutionListeners is not present for class [com.efrei.JPATP1.Jpatp1ApplicationTests]: using defaults.
17:14:31.198 [Test worker] INFO org.springframework.boot.test.context.SpringBootTestContextBootstrapper - Loaded default TestExecutionListener class names from location [META-INF/spring.factories]: [org.springframework.boot.test.autoconfigure.restdocs.RestDocsTestExecutionListener, org.springframework.boot.test.autoconfigure.web.client.MockRestServiceServerResetTestExecutionListener, org.springframework.boot.test.autoconfigure.web.servlet.MockMvcPrintOnlyOnFailureTestExecutionListener, org.springframework.boot.test.autoconfigure.web.servlet.WebDriverTestExecutionListener, org.springframework.boot.test.mock.mockito.MockitoTestExecutionListener, org.springframework.boot.test.mock.mockito.ResetMocksTestExecutionListener, org.springframework.test.context.web.ServletTestExecutionListener, org.springframework.test.context.support.DirtiesContextBeforeModesTestExecutionListener, org.springframework.test.context.support.DependencyInjectionTestExecutionListener, org.springframework.test.context.support.DirtiesContextTestExecutionListener, org.springframework.test.context.transaction.TransactionalTestExecutionListener, org.springframework.test.context.jdbc.SqlScriptsTestExecutionListener]
17:14:31.218 [Test worker] INFO org.springframework.boot.test.context.SpringBootTestContextBootstrapper - Using TestExecutionListeners: [org.springframework.test.context.web.ServletTestExecutionListener@230d112f, org.springframework.test.context.support.DirtiesContextBeforeModesTestExecutionListener@47b3686b, org.springframework.boot.test.mock.mockito.MockitoTestExecutionListener@224b1736, org.springframework.boot.test.autoconfigure.SpringBootDependencyInjectionTestExecutionListener@5ff06891, org.springframework.test.context.support.DirtiesContextTestExecutionListener@14bf9e29, org.springframework.test.context.transaction.TransactionalTestExecutionListener@48135ce5, org.springframework.test.context.jdbc.SqlScriptsTestExecutionListener@321b0076, org.springframework.boot.test.autoconfigure.restdocs.RestDocsTestExecutionListener@6ef34244, org.springframework.boot.test.autoconfigure.web.client.MockRestServiceServerResetTestExecutionListener@655c765, org.springframework.boot.test.autoconfigure.web.servlet.MockMvcPrintOnlyOnFailureTestExecutionListener@5473473e, org.springframework.boot.test.autoconfigure.web.servlet.WebDriverTestExecutionListener@3e01f576, org.springframework.boot.test.mock.mockito.ResetMocksTestExecutionListener@4a946190]
17:14:31.220 [Test worker] DEBUG org.springframework.test.annotation.ProfileValueUtils - Retrieved @ProfileValueSourceConfiguration [null] for test class [com.efrei.JPATP1.Jpatp1ApplicationTests]
17:14:31.220 [Test worker] DEBUG org.springframework.test.annotation.ProfileValueUtils - Retrieved ProfileValueSource type [class org.springframework.test.annotation.SystemProfileValueSource] for class [com.efrei.JPATP1.Jpatp1ApplicationTests]
17:14:31.221 [Test worker] DEBUG org.springframework.test.annotation.ProfileValueUtils - Retrieved @ProfileValueSourceConfiguration [null] for test class [com.efrei.JPATP1.Jpatp1ApplicationTests]
17:14:31.221 [Test worker] DEBUG org.springframework.test.annotation.ProfileValueUtils - Retrieved ProfileValueSource type [class org.springframework.test.annotation.SystemProfileValueSource] for class [com.efrei.JPATP1.Jpatp1ApplicationTests]
17:14:31.225 [Test worker] DEBUG org.springframework.test.context.support.AbstractDirtiesContextTestExecutionListener - Before test class: context [DefaultTestContext@2f558548 testClass = Jpatp1ApplicationTests, testInstance = [null], testMethod = [null], testException = [null], mergedContextConfiguration = [WebMergedContextConfiguration@138b1707 testClass = Jpatp1ApplicationTests, locations = '{}', classes = '{class com.efrei.JPATP1.Jpatp1Application}', contextInitializerClasses = '[]', activeProfiles = '{}', propertySourceLocations = '{}', propertySourceProperties = '{org.springframework.boot.test.context.SpringBootTestContextBootstrapper=true}', contextCustomizers = set[org.springframework.boot.test.autoconfigure.properties.PropertyMappingContextCustomizer@0, org.springframework.boot.test.autoconfigure.web.servlet.WebDriverContextCustomizerFactory$Customizer@56a2d617, org.springframework.boot.test.context.filter.ExcludeFilterContextCustomizer@43d0b31e, org.springframework.boot.test.json.DuplicateJsonObjectContextCustomizerFactory$DuplicateJsonObjectContextCustomizer@53d98ede, org.springframework.boot.test.mock.mockito.MockitoContextCustomizer@0, org.springframework.boot.test.web.client.TestRestTemplateContextCustomizer@6a8e1aec], resourceBasePath = 'src/main/webapp', contextLoader = 'org.springframework.boot.test.context.SpringBootContextLoader', parent = [null]], attributes = map['org.springframework.test.context.web.ServletTestExecutionListener.activateListener' -> true]], class annotated with @DirtiesContext [false] with mode [null].
17:14:31.226 [Test worker] DEBUG org.springframework.test.annotation.ProfileValueUtils - Retrieved @ProfileValueSourceConfiguration [null] for test class [com.efrei.JPATP1.Jpatp1ApplicationTests]
17:14:31.226 [Test worker] DEBUG org.springframework.test.annotation.ProfileValueUtils - Retrieved ProfileValueSource type [class org.springframework.test.annotation.SystemProfileValueSource] for class [com.efrei.JPATP1.Jpatp1ApplicationTests]
17:14:31.249 [Test worker] DEBUG org.springframework.test.context.support.TestPropertySourceUtils - Adding inlined properties to environment: {spring.jmx.enabled=false, org.springframework.boot.test.context.SpringBootTestContextBootstrapper=true, server.port=-1}

  .   ____          _            __ _ _
 /\\ / ___'_ __ _ _(_)_ __  __ _ \ \ \ \
( ( )\___ | '_ | '_| | '_ \/ _` | \ \ \ \
 \\/  ___)| |_)| | | | | || (_| |  ) ) ) )
  '  |____| .__|_| |_|_| |_\__, | / / / /
 =========|_|==============|___/=/_/_/_/
 :: Spring Boot ::        (v2.1.9.RELEASE)

2019-12-06 17:14:31.730  INFO 4488 --- [    Test worker] com.efrei.JPATP1.Jpatp1ApplicationTests  : Starting Jpatp1ApplicationTests on DESKTOP-EJBGFL6 with PID 4488 (started by Benjamin Saffar in C:\Users\Benjamin Saffar\Desktop\ISTCC_SAFFAR\JPATP1Saffar)
2019-12-06 17:14:31.731  INFO 4488 --- [    Test worker] com.efrei.JPATP1.Jpatp1ApplicationTests  : No active profile set, falling back to default profiles: default
2019-12-06 17:14:33.015  INFO 4488 --- [    Test worker] .s.d.r.c.RepositoryConfigurationDelegate : Bootstrapping Spring Data repositories in DEFAULT mode.
2019-12-06 17:14:33.086  INFO 4488 --- [    Test worker] .s.d.r.c.RepositoryConfigurationDelegate : Finished Spring Data repository scanning in 63ms. Found 5 repository interfaces.
2019-12-06 17:14:33.534  INFO 4488 --- [    Test worker] trationDelegate$BeanPostProcessorChecker : Bean 'org.springframework.transaction.annotation.ProxyTransactionManagementConfiguration' of type [org.springframework.transaction.annotation.ProxyTransactionManagementConfiguration$$EnhancerBySpringCGLIB$$eefb606f] is not eligible for getting processed by all BeanPostProcessors (for example: not eligible for auto-proxying)
2019-12-06 17:14:33.805  INFO 4488 --- [    Test worker] com.zaxxer.hikari.HikariDataSource       : HikariPool-1 - Starting...
2019-12-06 17:14:33.958  INFO 4488 --- [    Test worker] com.zaxxer.hikari.HikariDataSource       : HikariPool-1 - Start completed.
2019-12-06 17:14:34.082  INFO 4488 --- [    Test worker] o.hibernate.jpa.internal.util.LogHelper  : HHH000204: Processing PersistenceUnitInfo [
	name: default
	...]
2019-12-06 17:14:34.158  INFO 4488 --- [    Test worker] org.hibernate.Version                    : HHH000412: Hibernate Core {5.3.12.Final}
2019-12-06 17:14:34.160  INFO 4488 --- [    Test worker] org.hibernate.cfg.Environment            : HHH000206: hibernate.properties not found
2019-12-06 17:14:34.421  INFO 4488 --- [    Test worker] o.hibernate.annotations.common.Version   : HCANN000001: Hibernate Commons Annotations {5.0.4.Final}
2019-12-06 17:14:34.611  INFO 4488 --- [    Test worker] org.hibernate.dialect.Dialect            : HHH000400: Using dialect: org.hibernate.dialect.H2Dialect
2019-12-06 17:14:35.135  INFO 4488 --- [    Test worker] org.hibernate.tuple.PojoInstantiator     : HHH000182: No default (no-argument) constructor for class: com.efrei.JPATP1.Person (class must be instantiated by Interceptor)
2019-12-06 17:14:35.342  INFO 4488 --- [    Test worker] org.hibernate.tuple.PojoInstantiator     : HHH000182: No default (no-argument) constructor for class: com.efrei.JPATP1.Car (class must be instantiated by Interceptor)
2019-12-06 17:14:35.355  INFO 4488 --- [    Test worker] org.hibernate.tuple.PojoInstantiator     : HHH000182: No default (no-argument) constructor for class: com.efrei.JPATP1.Van (class must be instantiated by Interceptor)
2019-12-06 17:14:35.367  INFO 4488 --- [    Test worker] org.hibernate.tuple.PojoInstantiator     : HHH000182: No default (no-argument) constructor for class: com.efrei.JPATP1.Rent (class must be instantiated by Interceptor)
2019-12-06 17:14:35.529  INFO 4488 --- [    Test worker] o.h.t.schema.internal.SchemaCreatorImpl  : HHH000476: Executing import script 'org.hibernate.tool.schema.internal.exec.ScriptSourceInputNonExistentImpl@6978056e'
2019-12-06 17:14:35.532  INFO 4488 --- [    Test worker] j.LocalContainerEntityManagerFactoryBean : Initialized JPA EntityManagerFactory for persistence unit 'default'
2019-12-06 17:14:36.886  INFO 4488 --- [    Test worker] o.s.s.concurrent.ThreadPoolTaskExecutor  : Initializing ExecutorService 'applicationTaskExecutor'
2019-12-06 17:14:36.944  WARN 4488 --- [    Test worker] aWebConfiguration$JpaWebMvcConfiguration : spring.jpa.open-in-view is enabled by default. Therefore, database queries may be performed during view rendering. Explicitly configure spring.jpa.open-in-view to disable this warning
2019-12-06 17:14:37.272  INFO 4488 --- [    Test worker] com.efrei.JPATP1.Jpatp1ApplicationTests  : Started Jpatp1ApplicationTests in 6.01 seconds (JVM running for 7.855)
]]></system-out>
  <system-err><![CDATA[]]></system-err>
</testsuite>
